-------------------------------------------------------------------------------
Test set: com.piedrazul.pacientes.application.PacienteServiceTest
-------------------------------------------------------------------------------
Tests run: 6, Failures: 1, Errors: 1, Skipped: 0, Time elapsed: 0.200 s <<< FAILURE! -- in com.piedrazul.pacientes.application.PacienteServiceTest
com.piedrazul.pacientes.application.PacienteServiceTest.crearOActualizar_correoDuplicado_lanzaBusinessException -- Time elapsed: 0.028 s <<< FAILURE!
java.lang.AssertionError: 

Expecting actual throwable to be an instance of:
  com.piedrazul.shared.exception.BusinessException
but was:
  java.lang.NullPointerException: Cannot invoke "com.piedrazul.pacientes.domain.Paciente.getId()" because "p" is null
	at com.piedrazul.pacientes.application.PacienteService.toResponse(PacienteService.java:88)
	at com.piedrazul.pacientes.application.PacienteService.crearOActualizar(PacienteService.java:65)
	at com.piedrazul.pacientes.application.PacienteServiceTest.lambda$crearOActualizar_correoDuplicado_lanzaBusinessException$0(PacienteServiceTest.java:83)
	...(74 remaining lines not displayed - this can be changed with Assertions.setMaxStackTraceElementsDisplayed)
	at com.piedrazul.pacientes.application.PacienteServiceTest.crearOActualizar_correoDuplicado_lanzaBusinessException(PacienteServiceTest.java:84)
	at java.base/java.lang.reflect.Method.invoke(Method.java:580)
	at java.base/java.util.ArrayList.forEach(ArrayList.java:1596)
	at java.base/java.util.ArrayList.forEach(ArrayList.java:1596)

com.piedrazul.pacientes.application.PacienteServiceTest.crearOActualizar_pacienteNuevo_hashea_y_guarda -- Time elapsed: 0.016 s <<< ERROR!
org.mockito.exceptions.misusing.UnnecessaryStubbingException: 

Unnecessary stubbings detected.
Clean & maintainable test code requires zero unnecessary code.
Following stubbings are unnecessary (click to navigate to relevant line of code):
  1. -> at com.piedrazul.pacientes.application.PacienteServiceTest.crearOActualizar_pacienteNuevo_hashea_y_guarda(PacienteServiceTest.java:64)
Please remove unnecessary stubbings or use 'lenient' strictness. More info: javadoc for UnnecessaryStubbingException class.
	at org.mockito.junit.jupiter.MockitoExtension.afterEach(MockitoExtension.java:192)
	at java.base/java.util.ArrayList.forEach(ArrayList.java:1596)
	at java.base/java.util.ArrayList.forEach(ArrayList.java:1596)

